%このファイルは日本語文字を含みます.
\BOOKMARK [1][]{section.1}{\376\377\0001\000\040\116\312\126\336\060\156\166\356\152\031}{}% 1
\BOOKMARK [2][]{subsection.1.1}{\376\377\0001\000.\0001\000\040\154\350\141\017}{section.1}% 2
\BOOKMARK [2][]{subsection.1.2}{\376\377\0001\000.\0002\000\040\060\316\060\374\060\306\060\374\060\267\060\347\060\363\060\153\060\144\060\104\060\146}{section.1}% 3
\BOOKMARK [1][]{section.2}{\376\377\0002\000\040\136\217\212\326\377\032\060\123\060\214\060\001\060\217\060\113\060\212\060\176\060\131\060\113\377\037}{}% 4
\BOOKMARK [2][]{subsection.2.1}{\376\377\0002\000.\0001\000\040\060\102\060\214\060\202\060\123\060\214\060\202\060\331\060\257\060\310\060\353}{section.2}% 5
\BOOKMARK [2][]{subsection.2.2}{\376\377\0002\000.\0002\000\040\000P\000C\000A\060\143\060\146\117\125\060\147\060\131\060\113\377\037}{section.2}% 6
\BOOKMARK [2][]{subsection.2.3}{\376\377\0002\000.\0003\000\040\116\000\153\041\162\354\172\313\060\150\216\370\060\156\166\364\116\244\140\047\060\157\121\150\060\117\060\156\122\045\162\151}{section.2}% 7
\BOOKMARK [1][]{section.3}{\376\377\0003\000\040\000P\000C\000A\060\153\137\305\211\201\060\152\175\332\137\142\116\343\145\160}{}% 8
\BOOKMARK [2][]{subsection.3.1}{\376\377\0003\000.\0001\000\040\116\000\153\041\162\354\172\313\140\047\060\373\127\372\136\225\060\373\153\041\121\103}{section.3}% 9
\BOOKMARK [3][]{subsubsection.3.1.1}{\376\377\0003\000.\0001\000.\0001\000\040\116\000\153\041\175\120\124\010}{subsection.3.1}% 10
\BOOKMARK [3][]{subsubsection.3.1.2}{\376\377\0003\000.\0001\000.\0002\000\040\116\000\153\041\162\354\172\313\060\373\116\000\153\041\137\223\134\136}{subsection.3.1}% 11
\BOOKMARK [3][]{subsubsection.3.1.3}{\376\377\0003\000.\0001\000.\0003\000\040\153\041\121\103\060\373\127\372\136\225}{subsection.3.1}% 12
\BOOKMARK [2][]{subsection.3.2}{\376\377\0003\000.\0002\000\040\121\205\172\115\060\150\166\364\116\244\140\047}{section.3}% 13
\BOOKMARK [2][]{subsection.3.3}{\376\377\0003\000.\0003\000\040\127\372\136\225\131\011\143\333\210\114\122\027}{section.3}% 14
\BOOKMARK [3][]{subsubsection.3.3.1}{\376\377\0003\000.\0003\000.\0001\000\040\134\016\121\145\377\032\060\014\127\372\136\225\060\153\060\210\060\213\210\150\212\030\060\015\060\150\060\014\136\247\152\031\174\373\060\153\060\210\060\213\210\150\212\030\060\015}{subsection.3.3}% 15
\BOOKMARK [3][]{subsubsection.3.3.2}{\376\377\0003\000.\0003\000.\0002\000\040\153\143\145\271\210\114\122\027\060\150\127\372\136\225\131\011\143\333}{subsection.3.3}% 16
\BOOKMARK [2][]{subsection.3.4}{\376\377\0003\000.\0004\000\040\210\114\122\027\137\017}{section.3}% 17
\BOOKMARK [3][]{subsubsection.3.4.1}{\376\377\0003\000.\0004\000.\0001\000\040\0002\153\041\060\156\153\143\145\271\210\114\122\027\060\156\130\064\124\010}{subsection.3.4}% 18
\BOOKMARK [3][]{subsubsection.3.4.2}{\376\377\0003\000.\0004\000.\0002\000\040\117\131\126\340\133\120\134\125\225\213}{subsection.3.4}% 19
\BOOKMARK [3][]{subsubsection.3.4.3}{\376\377\0003\000.\0004\000.\0003\000\040\060\265\060\351\060\271\060\156\121\154\137\017}{subsection.3.4}% 20
\BOOKMARK [3][]{subsubsection.3.4.4}{\376\377\0003\000.\0004\000.\0004\000\040\117\213\230\114}{subsection.3.4}% 21
\BOOKMARK [3][]{subsubsection.3.4.5}{\376\377\0003\000.\0004\000.\0005\000\040\127\372\136\225\131\011\143\333\210\114\122\027\060\156\210\114\122\027\137\017}{subsection.3.4}% 22
\BOOKMARK [2][]{subsection.3.5}{\376\377\0003\000.\0005\000\040\126\372\147\011\120\044\122\006\211\343}{section.3}% 23
\BOOKMARK [3][]{subsubsection.3.5.1}{\376\377\0003\000.\0005\000.\0001\000\040\126\372\147\011\120\044\060\373\126\372\147\011\060\331\060\257\060\310\060\353\060\156\136\176\117\125\166\204\060\152\141\017\124\163}{subsection.3.5}% 24
\BOOKMARK [3][]{subsubsection.3.5.2}{\376\377\0003\000.\0005\000.\0002\000\040\126\372\147\011\120\044\122\006\211\343\060\156\212\010\173\227\145\271\154\325}{subsection.3.5}% 25
\BOOKMARK [3][]{subsubsection.3.5.3}{\376\377\0003\000.\0005\000.\0003\000\040\117\213\230\114}{subsection.3.5}% 26
\BOOKMARK [1][]{section.4}{\376\377\0004\000\040\000P\000C\000A\060\153\137\305\211\201\060\152\170\272\163\207\175\161\212\010}{}% 27
\BOOKMARK [2][]{subsection.4.1}{\376\377\0004\000.\0001\000\040\116\000\131\011\221\317\060\156\122\006\145\143}{section.4}% 28
\BOOKMARK [2][]{subsection.4.2}{\376\377\0004\000.\0002\000\040\131\032\131\011\221\317\060\156\122\006\145\143\121\161\122\006\145\143\210\114\122\027}{section.4}% 29
\BOOKMARK [1][]{section.5}{\376\377\0005\000\040\000P\000C\000A\060\153\060\144\060\104\060\146}{}% 30
\BOOKMARK [2][]{subsection.5.1}{\376\377\0005\000.\0001\000\040\116\073\142\020\122\006\060\271\060\263\060\242\060\373\133\304\116\016\163\207}{section.5}% 31
\BOOKMARK [2][]{subsection.5.2}{\376\377\0005\000.\0002\000\040\216\370\060\156\166\364\116\244\140\047\060\153\060\144\060\104\060\146}{section.5}% 32
\BOOKMARK [2][]{subsection.5.3}{\376\377\0005\000.\0003\000\040\126\372\147\011\060\331\060\257\060\310\060\353\060\153\060\210\060\213\127\372\136\225\131\011\143\333}{section.5}% 33
\BOOKMARK [2][]{subsection.5.4}{\376\377\0005\000.\0004\000\040\210\334\215\263\0001\377\032\060\152\060\134\147\000\131\047\060\156\122\006\145\143\060\222\060\150\060\213\144\315\117\134\060\114\126\372\147\011\120\044\122\006\211\343\060\153\060\152\060\213\060\156\060\113\377\037}{section.5}% 34
\BOOKMARK [2][]{subsection.5.5}{\376\377\0005\000.\0005\000\040\210\334\215\263\0002\377\032\137\334\165\050}{section.5}% 35
\BOOKMARK [3][]{subsubsection.5.5.1}{\376\377\0005\000.\0005\000.\0001\000\040\000n\000d\000\040\000v\000s\000\040\000d\000n}{subsection.5.5}% 36
\BOOKMARK [3][]{subsubsection.5.5.2}{\376\377\0005\000.\0005\000.\0002\000\040\060\307\060\374\060\277\060\352\060\271\060\261\060\374\060\352\060\363\060\260}{subsection.5.5}% 37
\BOOKMARK [3][]{subsubsection.5.5.3}{\376\377\0005\000.\0005\000.\0003\000\040\000n\000<\000d\060\156\130\064\124\010}{subsection.5.5}% 38
\BOOKMARK [1][]{section.6}{\376\377\0006\000\040\117\213\230\114\060\156\211\343\173\124\060\373\211\343\212\254}{}% 39
\BOOKMARK [2][]{subsection.6.1}{\376\377\0006\000.\0001\000\040\210\114\122\027\137\017}{section.6}% 40
\BOOKMARK [3][]{subsubsection.6.1.1}{\376\377\0006\000.\0001\000.\0001\000\040\210\334\215\263\377\032\116\000\153\041\137\223\134\136\140\047\060\150\210\114\122\027\137\017}{subsection.6.1}% 41
\BOOKMARK [2][]{subsection.6.2}{\376\377\0006\000.\0002\000\040\126\372\147\011\120\044\122\006\211\343}{section.6}% 42
